[12:51:15] INFO - ==== Sparse Ridge Project Runner ====
[12:51:15] INFO - Args: {'data': None, 'train': '/remote-home/yqwu/lecture_projects/optimization/final/try_3/data/e2006/E2006.train.bz2', 'test': '/remote-home/yqwu/lecture_projects/optimization/final/try_3/data/e2006/E2006.test.bz2', 'format': 'svmlight', 'test_size': 0.2, 'seed': 0, 'methods': ['greedy', 'iht'], 'k_list': [20], 'm_cand': 5000, 'lambda2': 1.0, 'lambda1': 0.0005, 'iht_max_iter': 20, 'iht_step': 'niht', 'iht_debias': True, 'iht_stop_patience': 5, 'iht_min_iter': 10, 'fista_max_iter': 300, 'tol': 1e-05, 'colnorm': 'l2', 'fista_match_k': False, 'lambda1_min': 1e-06, 'lambda1_max': 1.0, 'lambda1_grid_n': 20, 'val_size': 0.2, 'tune_iter': 0, 'outdir': 'out_lambda2_1', 'loglevel': 'INFO'}
[12:52:32] INFO - Loaded train: X=(16087, 150360), nnz=19971015; test: X=(3308, 150360), nnz=4559533
[12:52:33] INFO - Applied colnorm=l2
[12:52:33] INFO - [Greedy] k=20, m_cand=5000, lambda2=1. Screening done in 0.04s
[12:52:52] INFO - [Greedy] done. |S|=20, time=19.61s
[12:52:52] INFO - [Result] {'mse_tr': 0.2591499393588191, 'r2_tr': 0.351762003531919, 'mse_te': 0.2584071314776159, 'r2_te': 0.10613429623341997, 'nnz': 20, 'mse_te_const': 0.3827151786142501, 'method': 'greedy_schur_refit', 'k': 20, 'time_sec': 19.671800136566162, 'lambda2': 1.0, 'm_cand': 5000, 'colnorm': 'l2'}
[12:52:56] INFO - Estimated ||X||_2^2 ≈ 1.083090e+07
[12:52:56] INFO - [IHT] k=20, lambda2=1, L≈6.743e+02, eta≈1.483e-03, debias=True
[12:53:00] INFO - [IHT] done. nnz=20, iters=10
[12:53:00] INFO - [Result] {'mse_tr': 0.2933738025809458, 'r2_tr': 0.26615438741053743, 'mse_te': 0.2882263990254539, 'r2_te': 0.002985360598255271, 'nnz': 20, 'mse_te_const': 0.3827151786142501, 'method': 'iht_niht_debias', 'k': 20, 'time_sec': 7.421076059341431, 'lambda2': 1.0, 'colnorm': 'l2', 'iters': 10}
[12:53:00] INFO - Saved: out_lambda2_1/results.jsonl
[12:53:00] INFO - Saved: out_lambda2_1/results.csv
[12:53:00] INFO - ==== Done ====
[12:58:55] INFO - ==== Sparse Ridge Project Runner ====
[12:58:55] INFO - Args: {'data': None, 'train': '/remote-home/yqwu/lecture_projects/optimization/final/try_3/data/e2006/E2006.train.bz2', 'test': '/remote-home/yqwu/lecture_projects/optimization/final/try_3/data/e2006/E2006.test.bz2', 'format': 'svmlight', 'test_size': 0.2, 'seed': 0, 'methods': ['greedy', 'iht'], 'k_list': [20], 'm_cand': 5000, 'lambda2': 1.0, 'lambda1': 0.0005, 'iht_max_iter': 20, 'iht_step': 'niht', 'iht_debias': True, 'iht_stop_patience': 5, 'iht_min_iter': 10, 'fista_max_iter': 300, 'tol': 1e-05, 'colnorm': 'l2', 'fista_match_k': False, 'lambda1_min': 1e-06, 'lambda1_max': 1.0, 'lambda1_grid_n': 20, 'val_size': 0.2, 'tune_iter': 0, 'outdir': 'out_lambda2_1', 'loglevel': 'INFO'}
[12:59:54] INFO - Loaded train: X=(16087, 150360), nnz=19971015; test: X=(3308, 150360), nnz=4559533
[12:59:54] INFO - Applied colnorm=l2
[12:59:54] INFO - [Greedy] k=20, m_cand=5000, lambda2=1. Screening done in 0.04s
[13:00:13] INFO - [Greedy] done. |S|=20, time=18.98s
[13:00:13] INFO - [Result] {'mse_tr': 0.2591499393588191, 'r2_tr': 0.351762003531919, 'mse_te': 0.2584071314776159, 'r2_te': 0.10613429623341997, 'nnz': 20, 'mse_te_const': 0.3827151786142501, 'method': 'greedy_schur_refit', 'k': 20, 'time_sec': 19.074257373809814, 'lambda2': 1.0, 'm_cand': 5000, 'colnorm': 'l2'}
[13:00:17] INFO - Estimated ||X||_2^2 ≈ 1.083090e+07
[13:00:17] INFO - [IHT] k=20, lambda2=1, L≈6.743e+02, eta≈1.483e-03, debias=True
[13:00:21] INFO - [IHT] done. nnz=20, iters=10
[13:00:21] INFO - [Result] {'mse_tr': 0.2933738025809458, 'r2_tr': 0.26615438741053743, 'mse_te': 0.2882263990254539, 'r2_te': 0.002985360598255271, 'nnz': 20, 'mse_te_const': 0.3827151786142501, 'method': 'iht_niht_debias', 'k': 20, 'time_sec': 7.517171859741211, 'lambda2': 1.0, 'colnorm': 'l2', 'iters': 10}
[13:00:21] INFO - Saved: out_lambda2_1/results.jsonl
[13:00:21] INFO - Saved: out_lambda2_1/results.csv
[13:00:21] INFO - ==== Done ====
